Using pre-set license
Built from '2020.3/release' branch; Version is '2020.3.1f1 (77a89f25062f) revision 7841951'; Using compiler version '192528614'; Build Type 'Release'
OS: 'Windows 10 Pro; OS build 19042.867; Version 2009; 64bit' Language: 'en' Physical Memory: 32687 MB
BatchMode: 1, IsHumanControllingUs: 0, StartBugReporterOnCrash: 0, Is64bit: 1, IsPro: 0

 COMMAND LINE ARGUMENTS:
D:\Mika\WorkRoot\UnityEditors\2020.3.1f1\Editor\Unity.exe
-adb2
-batchMode
-noUpm
-name
AssetImportWorker0
-projectPath
D:/Mika/WorkRoot/UPM/Fabric.Core
-logFile
Logs/AssetImportWorker0.log
-srvPort
51925
Successfully changed project path to: D:/Mika/WorkRoot/UPM/Fabric.Core
D:/Mika/WorkRoot/UPM/Fabric.Core
Using Asset Import Pipeline V2.
Refreshing native plugins compatible for Editor in 15.09 ms, found 0 plugins.
Preloading 0 native plugins for Editor in 0.00 ms.
Initialize engine version: 2020.3.1f1 (77a89f25062f)
[Subsystems] Discovering subsystems at path D:/Mika/WorkRoot/UnityEditors/2020.3.1f1/Editor/Data/Resources/UnitySubsystems
[Subsystems] Discovering subsystems at path D:/Mika/WorkRoot/UPM/Fabric.Core/Assets
GfxDevice: creating device client; threaded=0
Direct3D:
    Version:  Direct3D 11.0 [level 11.1]
    Renderer: NVIDIA GeForce RTX 2060 (ID=0x1f51)
    Vendor:   
    VRAM:     5980 MB
    Driver:   27.21.14.6192
Initialize mono
Mono path[0] = 'D:/Mika/WorkRoot/UnityEditors/2020.3.1f1/Editor/Data/Managed'
Mono path[1] = 'D:/Mika/WorkRoot/UnityEditors/2020.3.1f1/Editor/Data/MonoBleedingEdge/lib/mono/unityjit'
Mono config path = 'D:/Mika/WorkRoot/UnityEditors/2020.3.1f1/Editor/Data/MonoBleedingEdge/etc'
Using monoOptions --debugger-agent=transport=dt_socket,embedding=1,server=y,suspend=n,address=127.0.0.1:56092
Begin MonoManager ReloadAssembly
Registering precompiled unity dll's ...
Register platform support module: D:/Mika/WorkRoot/UnityEditors/2020.3.1f1/Editor/Data/PlaybackEngines/WindowsStandaloneSupport/UnityEditor.WindowsStandalone.Extensions.dll
Registered in 0.001286 seconds.
Native extension for WindowsStandalone target not found
Refreshing native plugins compatible for Editor in 14.54 ms, found 0 plugins.
Preloading 0 native plugins for Editor in 0.00 ms.
Invoked RoslynAnalysisRunner static constructor.
RoslynAnalysisRunner will not be running.
RoslynAnalysisRunner has terminated.
Mono: successfully reloaded assembly
- Completed reload, in  1.462 seconds
Platform modules already initialized, skipping
Registering precompiled user dll's ...
Registered in 0.000712 seconds.
Begin MonoManager ReloadAssembly
Native extension for WindowsStandalone target not found
Refreshing native plugins compatible for Editor in 0.16 ms, found 0 plugins.
Preloading 0 native plugins for Editor in 0.00 ms.
Invoked RoslynAnalysisRunner static constructor.
RoslynAnalysisRunner will not be running.
RoslynAnalysisRunner has terminated.
Mono: successfully reloaded assembly
- Completed reload, in  0.937 seconds
Platform modules already initialized, skipping
========================================================================
Worker process is ready to serve import requests
Launched and connected shader compiler UnityShaderCompiler.exe after 0.04 seconds
Refreshing native plugins compatible for Editor in 0.15 ms, found 0 plugins.
Preloading 0 native plugins for Editor in 0.00 ms.
Unloading 475 Unused Serialized files (Serialized files now loaded: 0)
System memory in use before: 38.2 MB.
System memory in use after: 38.2 MB.

Unloading 8 unused Assets to reduce memory usage. Loaded Objects now: 918.
Total: 1.971600 ms (FindLiveObjects: 0.110400 ms CreateObjectMapping: 0.024400 ms MarkObjects: 1.743500 ms  DeleteObjects: 0.091400 ms)

========================================================================
Received Import Request.
  path: Assets/com.beardphantom.fabric-core/Runtime/Services/ServiceLocator.cs
  artifactKey: Guid(c23b907ebf298e3478eae95be5a0e0cb) Importer(815301076,1909f56bfc062723c751e8b465ee728b)
Start importing Assets/com.beardphantom.fabric-core/Runtime/Services/ServiceLocator.cs using Guid(c23b907ebf298e3478eae95be5a0e0cb) Importer(815301076,1909f56bfc062723c751e8b465ee728b)  -> (artifact id: '7a991eea044b349dde039cfdfb2c16b8') in 0.062808 seconds
  Import took 0.063714 seconds .

========================================================================
Received Import Request.
  Time since last request: 0.000166 seconds.
  path: Assets/com.beardphantom.fabric-core/Runtime/App.cs
  artifactKey: Guid(7bc28a0f4d8f459789d28681a6ab9502) Importer(815301076,1909f56bfc062723c751e8b465ee728b)
Start importing Assets/com.beardphantom.fabric-core/Runtime/App.cs using Guid(7bc28a0f4d8f459789d28681a6ab9502) Importer(815301076,1909f56bfc062723c751e8b465ee728b)  -> (artifact id: '0d28c68e91c2397f06c39af8a30a2e17') in 0.014681 seconds
  Import took 0.015714 seconds .

========================================================================
Received Import Request.
  Time since last request: 0.000210 seconds.
  path: Assets/com.beardphantom.fabric-core/Runtime/Services/ServiceModule.cs
  artifactKey: Guid(12032d907f238a644a1b38c1c8a7a438) Importer(815301076,1909f56bfc062723c751e8b465ee728b)
Start importing Assets/com.beardphantom.fabric-core/Runtime/Services/ServiceModule.cs using Guid(12032d907f238a644a1b38c1c8a7a438) Importer(815301076,1909f56bfc062723c751e8b465ee728b)  -> (artifact id: 'b46d391e1aa9184297e51823b4a7a392') in 0.019055 seconds
  Import took 0.020028 seconds .

========================================================================
Received Import Request.
  Time since last request: 238.625555 seconds.
  path: Assets/com.beardphantom.fabric-core/Runtime/App.cs
  artifactKey: Guid(7bc28a0f4d8f459789d28681a6ab9502) Importer(815301076,1909f56bfc062723c751e8b465ee728b)
Start importing Assets/com.beardphantom.fabric-core/Runtime/App.cs using Guid(7bc28a0f4d8f459789d28681a6ab9502) Importer(815301076,1909f56bfc062723c751e8b465ee728b)  -> (artifact id: '275df34702d6180947cfaf3bebe3413f') in 0.013300 seconds
  Import took 0.014527 seconds .

========================================================================
Received Prepare
Registering precompiled user dll's ...
Registered in 0.000519 seconds.
Begin MonoManager ReloadAssembly
Native extension for WindowsStandalone target not found
Refreshing native plugins compatible for Editor in 0.15 ms, found 0 plugins.
Preloading 0 native plugins for Editor in 0.00 ms.
Invoked RoslynAnalysisRunner static constructor.
RoslynAnalysisRunner will not be running.
RoslynAnalysisRunner has terminated.
Mono: successfully reloaded assembly
- Completed reload, in  0.923 seconds
Platform modules already initialized, skipping
Refreshing native plugins compatible for Editor in 0.09 ms, found 0 plugins.
Preloading 0 native plugins for Editor in 0.00 ms.
Unloading 471 Unused Serialized files (Serialized files now loaded: 0)
System memory in use before: 38.3 MB.
System memory in use after: 38.3 MB.

Unloading 3 unused Assets to reduce memory usage. Loaded Objects now: 920.
Total: 1.937800 ms (FindLiveObjects: 0.092100 ms CreateObjectMapping: 0.019700 ms MarkObjects: 1.799400 ms  DeleteObjects: 0.024400 ms)

========================================================================
Received Import Request.
  Time since last request: 20.899704 seconds.
  path: Assets/com.beardphantom.fabric-core/package.json
  artifactKey: Guid(b40c46f1a4138334b956941ca69f07e1) Importer(815301076,1909f56bfc062723c751e8b465ee728b)
Start importing Assets/com.beardphantom.fabric-core/package.json using Guid(b40c46f1a4138334b956941ca69f07e1) Importer(815301076,1909f56bfc062723c751e8b465ee728b)  -> (artifact id: 'bf7fc20056afa6d073001035a38f1de1') in 0.026984 seconds
  Import took 0.027862 seconds .

========================================================================
Received Import Request.
  Time since last request: 0.000958 seconds.
  path: Assets/com.beardphantom.fabric-core/package.json
  artifactKey: Guid(b40c46f1a4138334b956941ca69f07e1) Importer(815301076,1909f56bfc062723c751e8b465ee728b)
Start importing Assets/com.beardphantom.fabric-core/package.json using Guid(b40c46f1a4138334b956941ca69f07e1) Importer(815301076,1909f56bfc062723c751e8b465ee728b)  -> (artifact id: 'bf7fc20056afa6d073001035a38f1de1') in 0.003043 seconds
  Import took 0.003924 seconds .

